<?xml version="1.0" encoding="UTF-8"?>
<testsuite xmlns:xsi="http://www.w3.org/2001/XMLSchema-instance" xsi:noNamespaceSchemaLocation="https://maven.apache.org/surefire/maven-surefire-plugin/xsd/surefire-test-report.xsd" name="com.example.Dec2HexTest" time="0.088" tests="4" errors="0" skipped="0" failures="4">
  <properties>
    <property name="java.specification.version" value="17"/>
    <property name="sun.jnu.encoding" value="UTF-8"/>
    <property name="java.class.path" value="/var/lib/jenkins/workspace/Dec2Hex/target/test-classes:/var/lib/jenkins/workspace/Dec2Hex/target/classes:/var/lib/jenkins/.m2/repository/org/junit/jupiter/junit-jupiter/5.7.0/junit-jupiter-5.7.0.jar:/var/lib/jenkins/.m2/repository/org/junit/jupiter/junit-jupiter-api/5.7.0/junit-jupiter-api-5.7.0.jar:/var/lib/jenkins/.m2/repository/org/apiguardian/apiguardian-api/1.1.0/apiguardian-api-1.1.0.jar:/var/lib/jenkins/.m2/repository/org/opentest4j/opentest4j/1.2.0/opentest4j-1.2.0.jar:/var/lib/jenkins/.m2/repository/org/junit/platform/junit-platform-commons/1.7.0/junit-platform-commons-1.7.0.jar:/var/lib/jenkins/.m2/repository/org/junit/jupiter/junit-jupiter-params/5.7.0/junit-jupiter-params-5.7.0.jar:/var/lib/jenkins/.m2/repository/org/junit/jupiter/junit-jupiter-engine/5.7.0/junit-jupiter-engine-5.7.0.jar:/var/lib/jenkins/.m2/repository/org/junit/platform/junit-platform-engine/1.7.0/junit-platform-engine-1.7.0.jar:"/>
    <property name="java.vm.vendor" value="Ubuntu"/>
    <property name="sun.arch.data.model" value="64"/>
    <property name="java.vendor.url" value="https://ubuntu.com/"/>
    <property name="os.name" value="Linux"/>
    <property name="java.vm.specification.version" value="17"/>
    <property name="sun.java.launcher" value="SUN_STANDARD"/>
    <property name="sun.boot.library.path" value="/usr/lib/jvm/java-17-openjdk-amd64/lib"/>
    <property name="sun.java.command" value="/var/lib/jenkins/workspace/Dec2Hex/target/surefire/surefirebooter16844124079943606079.jar /var/lib/jenkins/workspace/Dec2Hex/target/surefire 2024-11-14T21-28-03_199-jvmRun1 surefire3216293525399718205tmp surefire_018317980809080970686tmp"/>
    <property name="jdk.debug" value="release"/>
    <property name="surefire.test.class.path" value="/var/lib/jenkins/workspace/Dec2Hex/target/test-classes:/var/lib/jenkins/workspace/Dec2Hex/target/classes:/var/lib/jenkins/.m2/repository/org/junit/jupiter/junit-jupiter/5.7.0/junit-jupiter-5.7.0.jar:/var/lib/jenkins/.m2/repository/org/junit/jupiter/junit-jupiter-api/5.7.0/junit-jupiter-api-5.7.0.jar:/var/lib/jenkins/.m2/repository/org/apiguardian/apiguardian-api/1.1.0/apiguardian-api-1.1.0.jar:/var/lib/jenkins/.m2/repository/org/opentest4j/opentest4j/1.2.0/opentest4j-1.2.0.jar:/var/lib/jenkins/.m2/repository/org/junit/platform/junit-platform-commons/1.7.0/junit-platform-commons-1.7.0.jar:/var/lib/jenkins/.m2/repository/org/junit/jupiter/junit-jupiter-params/5.7.0/junit-jupiter-params-5.7.0.jar:/var/lib/jenkins/.m2/repository/org/junit/jupiter/junit-jupiter-engine/5.7.0/junit-jupiter-engine-5.7.0.jar:/var/lib/jenkins/.m2/repository/org/junit/platform/junit-platform-engine/1.7.0/junit-platform-engine-1.7.0.jar:"/>
    <property name="sun.cpu.endian" value="little"/>
    <property name="user.home" value="/var/lib/jenkins"/>
    <property name="user.language" value="en"/>
    <property name="java.specification.vendor" value="Oracle Corporation"/>
    <property name="java.version.date" value="2024-10-15"/>
    <property name="java.home" value="/usr/lib/jvm/java-17-openjdk-amd64"/>
    <property name="file.separator" value="/"/>
    <property name="basedir" value="/var/lib/jenkins/workspace/Dec2Hex"/>
    <property name="java.vm.compressedOopsMode" value="32-bit"/>
    <property name="line.separator" value="&#10;"/>
    <property name="java.vm.specification.vendor" value="Oracle Corporation"/>
    <property name="java.specification.name" value="Java Platform API Specification"/>
    <property name="surefire.real.class.path" value="/var/lib/jenkins/workspace/Dec2Hex/target/surefire/surefirebooter16844124079943606079.jar"/>
    <property name="sun.management.compiler" value="HotSpot 64-Bit Tiered Compilers"/>
    <property name="java.runtime.version" value="17.0.13+11-Ubuntu-2ubuntu124.04"/>
    <property name="user.name" value="jenkins"/>
    <property name="path.separator" value=":"/>
    <property name="os.version" value="6.8.0-1016-aws"/>
    <property name="java.runtime.name" value="OpenJDK Runtime Environment"/>
    <property name="file.encoding" value="UTF-8"/>
    <property name="java.vm.name" value="OpenJDK 64-Bit Server VM"/>
    <property name="localRepository" value="/var/lib/jenkins/.m2/repository"/>
    <property name="java.vendor.url.bug" value="https://bugs.launchpad.net/ubuntu/+source/openjdk-17"/>
    <property name="java.io.tmpdir" value="/tmp"/>
    <property name="java.version" value="17.0.13"/>
    <property name="user.dir" value="/var/lib/jenkins/workspace/Dec2Hex"/>
    <property name="os.arch" value="amd64"/>
    <property name="java.vm.specification.name" value="Java Virtual Machine Specification"/>
    <property name="native.encoding" value="UTF-8"/>
    <property name="java.library.path" value="/usr/java/packages/lib:/usr/lib/x86_64-linux-gnu/jni:/lib/x86_64-linux-gnu:/usr/lib/x86_64-linux-gnu:/usr/lib/jni:/lib:/usr/lib"/>
    <property name="java.vm.info" value="mixed mode, sharing"/>
    <property name="java.vendor" value="Ubuntu"/>
    <property name="java.vm.version" value="17.0.13+11-Ubuntu-2ubuntu124.04"/>
    <property name="java.specification.maintenance.version" value="1"/>
    <property name="sun.io.unicode.encoding" value="UnicodeLittle"/>
    <property name="java.class.version" value="61.0"/>
  </properties>
  <testcase name="testNonIntegerInput" classname="com.example.Dec2HexTest" time="0.054">
    <failure message="expected: &lt;true&gt; but was: &lt;false&gt;" type="org.opentest4j.AssertionFailedError"><![CDATA[org.opentest4j.AssertionFailedError: expected: <true> but was: <false>
	at com.example.Dec2HexTest.testNonIntegerInput(Dec2HexTest.java:47)
]]></failure>
    <system-err><![CDATA[Nov 14, 2024 9:28:03 PM com.example.Dec2Hex main
SEVERE: Invalid input. Please enter a valid integer.
]]></system-err>
  </testcase>
  <testcase name="testValidInput" classname="com.example.Dec2HexTest" time="0.008">
    <failure message="expected: &lt;true&gt; but was: &lt;false&gt;" type="org.opentest4j.AssertionFailedError"><![CDATA[org.opentest4j.AssertionFailedError: expected: <true> but was: <false>
	at com.example.Dec2HexTest.testValidInput(Dec2HexTest.java:19)
]]></failure>
    <system-err><![CDATA[Nov 14, 2024 9:28:03 PM com.example.Dec2Hex main
INFO: The hexadecimal value is: FF
Nov 14, 2024 9:28:03 PM com.example.Dec2Hex main
INFO: The hexadecimal value is: FF
]]></system-err>
  </testcase>
  <testcase name="testMissingInput" classname="com.example.Dec2HexTest" time="0.005">
    <failure message="expected: &lt;true&gt; but was: &lt;false&gt;" type="org.opentest4j.AssertionFailedError"><![CDATA[org.opentest4j.AssertionFailedError: expected: <true> but was: <false>
	at com.example.Dec2HexTest.testMissingInput(Dec2HexTest.java:33)
]]></failure>
    <system-err><![CDATA[Nov 14, 2024 9:28:03 PM com.example.Dec2Hex main
SEVERE: Please provide a decimal number as an argument.
Nov 14, 2024 9:28:03 PM com.example.Dec2Hex main
SEVERE: Please provide a decimal number as an argument.
Nov 14, 2024 9:28:03 PM com.example.Dec2Hex main
SEVERE: Please provide a decimal number as an argument.
]]></system-err>
  </testcase>
  <testcase name="testZeroInput" classname="com.example.Dec2HexTest" time="0.004">
    <failure message="expected: &lt;true&gt; but was: &lt;false&gt;" type="org.opentest4j.AssertionFailedError"><![CDATA[org.opentest4j.AssertionFailedError: expected: <true> but was: <false>
	at com.example.Dec2HexTest.testZeroInput(Dec2HexTest.java:61)
]]></failure>
    <system-err><![CDATA[Nov 14, 2024 9:28:03 PM com.example.Dec2Hex main
INFO: The hexadecimal value is: 0
Nov 14, 2024 9:28:03 PM com.example.Dec2Hex main
INFO: The hexadecimal value is: 0
Nov 14, 2024 9:28:03 PM com.example.Dec2Hex main
INFO: The hexadecimal value is: 0
Nov 14, 2024 9:28:03 PM com.example.Dec2Hex main
INFO: The hexadecimal value is: 0
]]></system-err>
  </testcase>
</testsuite>